[2025-07-22 16:10:54.213] <wuwei MCTS版>    (in) : name
[2025-07-22 16:10:54.216] <wuwei MCTS版>    (in) : version
[2025-07-22 16:10:54.216] <wuwei MCTS版>    (in) : protocol_version
[2025-07-22 16:10:54.217] <wuwei MCTS版>    (in) : list_commands
[2025-07-22 16:10:54.217] <wuwei MCTS版>  (meta) : Engine Started
[2025-07-22 16:10:54.257] <wuwei MCTS版>  (meta) : Connection Failed
[2025-07-22 16:10:54.258] <wuwei MCTS版>  (meta) : Connection Failed
[2025-07-22 16:10:54.258] <wuwei MCTS版>  (meta) : Connection Failed
[2025-07-22 16:10:54.258] <wuwei MCTS版>  (meta) : Connection Failed
[2025-07-22 16:10:59.202] <wuwei MCTS版>    (in) : quit
[2025-07-22 16:11:07.986] <wuwei 策略版>    (in) : name
[2025-07-22 16:11:07.987] <wuwei 策略版>    (in) : version
[2025-07-22 16:11:07.987] <wuwei 策略版>    (in) : protocol_version
[2025-07-22 16:11:07.987] <wuwei 策略版>    (in) : list_commands
[2025-07-22 16:11:07.987] <wuwei 策略版>  (meta) : Engine Started
[2025-07-22 16:11:08.341] <wuwei 策略版>   (err) : 启动wuwei (策略网络模式)...
[2025-07-22 16:11:09.348] <wuwei 策略版>   (err) : 启动wuwei (策略网络模式)...
[2025-07-22 16:11:09.349] <wuwei 策略版>   (err) : GTP ready
[2025-07-22 16:11:09.360] <wuwei 策略版>   (out) : = wuwei (策略网络)
[2025-07-22 16:11:09.360] <wuwei 策略版>   (out) : 
[2025-07-22 16:11:09.360] <wuwei 策略版>   (out) : = 0.1
[2025-07-22 16:11:09.360] <wuwei 策略版>   (out) : 
[2025-07-22 16:11:09.360] <wuwei 策略版>   (out) : = 2
[2025-07-22 16:11:09.361] <wuwei 策略版>   (out) : 
[2025-07-22 16:11:09.361] <wuwei 策略版>   (out) : = name
[2025-07-22 16:11:09.361] <wuwei 策略版>   (out) : version
[2025-07-22 16:11:09.361] <wuwei 策略版>   (out) : protocol_version
[2025-07-22 16:11:09.361] <wuwei 策略版>   (out) : list_commands
[2025-07-22 16:11:09.361] <wuwei 策略版>   (out) : clear_board
[2025-07-22 16:11:09.361] <wuwei 策略版>   (out) : boardsize
[2025-07-22 16:11:09.361] <wuwei 策略版>   (out) : showboard
[2025-07-22 16:11:09.361] <wuwei 策略版>   (out) : play
[2025-07-22 16:11:09.361] <wuwei 策略版>   (out) : genmove
[2025-07-22 16:11:09.361] <wuwei 策略版>   (out) : quit
[2025-07-22 16:11:09.361] <wuwei 策略版>   (out) : 
[2025-07-22 16:11:27.828] <wuwei 策略版 2>    (in) : name
[2025-07-22 16:11:27.829] <wuwei 策略版 2>    (in) : version
[2025-07-22 16:11:27.829] <wuwei 策略版 2>    (in) : protocol_version
[2025-07-22 16:11:27.830] <wuwei 策略版 2>    (in) : list_commands
[2025-07-22 16:11:27.830] <wuwei 策略版 2>  (meta) : Engine Started
[2025-07-22 16:11:28.186] <wuwei 策略版 2>   (err) : 启动wuwei (策略网络模式)...
[2025-07-22 16:11:29.170] <wuwei 策略版 2>   (err) : 启动wuwei (策略网络模式)...
[2025-07-22 16:11:29.171] <wuwei 策略版 2>   (err) : GTP ready
[2025-07-22 16:11:29.185] <wuwei 策略版 2>   (out) : = wuwei (策略网络)
[2025-07-22 16:11:29.185] <wuwei 策略版 2>   (out) : 
[2025-07-22 16:11:29.185] <wuwei 策略版 2>   (out) : = 0.1
[2025-07-22 16:11:29.186] <wuwei 策略版 2>   (out) : 
[2025-07-22 16:11:29.186] <wuwei 策略版 2>   (out) : = 2
[2025-07-22 16:11:29.186] <wuwei 策略版 2>   (out) : 
[2025-07-22 16:11:29.187] <wuwei 策略版 2>   (out) : = name
[2025-07-22 16:11:29.187] <wuwei 策略版 2>   (out) : version
[2025-07-22 16:11:29.187] <wuwei 策略版 2>   (out) : protocol_version
[2025-07-22 16:11:29.187] <wuwei 策略版 2>   (out) : list_commands
[2025-07-22 16:11:29.187] <wuwei 策略版 2>   (out) : clear_board
[2025-07-22 16:11:29.187] <wuwei 策略版 2>   (out) : boardsize
[2025-07-22 16:11:29.187] <wuwei 策略版 2>   (out) : showboard
[2025-07-22 16:11:29.188] <wuwei 策略版 2>   (out) : play
[2025-07-22 16:11:29.188] <wuwei 策略版 2>   (out) : genmove
[2025-07-22 16:11:29.188] <wuwei 策略版 2>   (out) : quit
[2025-07-22 16:11:29.188] <wuwei 策略版 2>   (out) : 
[2025-07-22 16:11:29.544] <wuwei MCTS版 2>    (in) : name
[2025-07-22 16:11:29.547] <wuwei MCTS版 2>    (in) : version
[2025-07-22 16:11:29.549] <wuwei MCTS版 2>    (in) : protocol_version
[2025-07-22 16:11:29.550] <wuwei MCTS版 2>    (in) : list_commands
[2025-07-22 16:11:29.552] <wuwei MCTS版 2>  (meta) : Engine Started
[2025-07-22 16:11:29.575] <wuwei MCTS版 2>  (meta) : Connection Failed
[2025-07-22 16:11:29.575] <wuwei MCTS版 2>  (meta) : Connection Failed
[2025-07-22 16:11:29.576] <wuwei MCTS版 2>  (meta) : Connection Failed
[2025-07-22 16:11:29.576] <wuwei MCTS版 2>  (meta) : Connection Failed
