[2025-07-22 15:48:28.715] <wuwei MCTS版>    (in) : name
[2025-07-22 15:48:28.717] <wuwei MCTS版>    (in) : version
[2025-07-22 15:48:28.718] <wuwei MCTS版>    (in) : protocol_version
[2025-07-22 15:48:28.718] <wuwei MCTS版>    (in) : list_commands
[2025-07-22 15:48:28.718] <wuwei MCTS版>  (meta) : Engine Started
[2025-07-22 15:48:28.751] <wuwei MCTS版>  (meta) : Connection Failed
[2025-07-22 15:48:28.751] <wuwei MCTS版>  (meta) : Connection Failed
[2025-07-22 15:48:28.751] <wuwei MCTS版>  (meta) : Connection Failed
[2025-07-22 15:48:28.752] <wuwei MCTS版>  (meta) : Connection Failed
[2025-07-22 15:53:13.044] <wuwei 策略版>    (in) : name
[2025-07-22 15:53:13.046] <wuwei 策略版>    (in) : version
[2025-07-22 15:53:13.047] <wuwei 策略版>    (in) : protocol_version
[2025-07-22 15:53:13.047] <wuwei 策略版>    (in) : list_commands
[2025-07-22 15:53:13.047] <wuwei 策略版>  (meta) : Engine Started
[2025-07-22 15:53:13.396] <wuwei 策略版>   (err) : 启动wuwei (策略网络模式)...
[2025-07-22 15:53:14.392] <wuwei 策略版>   (err) : 启动wuwei (策略网络模式)...
[2025-07-22 15:53:14.393] <wuwei 策略版>   (err) : GTP ready
[2025-07-22 15:53:14.405] <wuwei 策略版>   (out) : = wuwei (策略网络)
[2025-07-22 15:53:14.406] <wuwei 策略版>   (out) : 
[2025-07-22 15:53:14.406] <wuwei 策略版>   (out) : = 0.1
[2025-07-22 15:53:14.406] <wuwei 策略版>   (out) : 
[2025-07-22 15:53:14.407] <wuwei 策略版>   (out) : = 2
[2025-07-22 15:53:14.407] <wuwei 策略版>   (out) : 
[2025-07-22 15:53:14.407] <wuwei 策略版>   (out) : = name
[2025-07-22 15:53:14.407] <wuwei 策略版>   (out) : version
[2025-07-22 15:53:14.407] <wuwei 策略版>   (out) : protocol_version
[2025-07-22 15:53:14.407] <wuwei 策略版>   (out) : list_commands
[2025-07-22 15:53:14.408] <wuwei 策略版>   (out) : clear_board
[2025-07-22 15:53:14.408] <wuwei 策略版>   (out) : boardsize
[2025-07-22 15:53:14.408] <wuwei 策略版>   (out) : showboard
[2025-07-22 15:53:14.408] <wuwei 策略版>   (out) : play
[2025-07-22 15:53:14.408] <wuwei 策略版>   (out) : genmove
[2025-07-22 15:53:14.408] <wuwei 策略版>   (out) : quit
[2025-07-22 15:53:14.408] <wuwei 策略版>   (out) : 
[2025-07-22 15:53:55.711] <wuwei 策略版>    (in) : komi 6.5
[2025-07-22 15:53:55.742] <wuwei 策略版>   (out) : = komi
[2025-07-22 15:53:55.743] <wuwei 策略版>   (out) : 
[2025-07-22 15:53:55.754] <wuwei 策略版>    (in) : boardsize 19
[2025-07-22 15:53:55.767] <wuwei 策略版>   (out) : = boardsize 19
[2025-07-22 15:53:55.767] <wuwei 策略版>   (out) : 
[2025-07-22 15:53:55.777] <wuwei 策略版>    (in) : clear_board
[2025-07-22 15:53:55.777] <wuwei 策略版>    (in) : play B D16
[2025-07-22 15:53:55.777] <wuwei 策略版>    (in) : play W L16
[2025-07-22 15:53:55.791] <wuwei 策略版>   (out) : = clear_board
[2025-07-22 15:53:55.791] <wuwei 策略版>   (out) : 
[2025-07-22 15:53:55.791] <wuwei 策略版>   (out) : = ok
[2025-07-22 15:53:55.791] <wuwei 策略版>   (out) : 
[2025-07-22 15:53:55.791] <wuwei 策略版>   (out) : = ok
[2025-07-22 15:53:55.792] <wuwei 策略版>   (out) : 
[2025-07-22 15:53:55.802] <wuwei 策略版>    (in) : genmove B
[2025-07-22 15:53:55.823] <wuwei 策略版>   (out) : = B15
[2025-07-22 15:53:55.823] <wuwei 策略版>   (out) : 
[2025-07-22 15:53:55.847] <wuwei 策略版>   (err) : 1 0
[2025-07-22 15:53:57.139] <wuwei 策略版>    (in) : play W K10
[2025-07-22 15:53:57.164] <wuwei 策略版>   (out) : = ok
[2025-07-22 15:53:57.164] <wuwei 策略版>   (out) : 
[2025-07-22 15:53:57.175] <wuwei 策略版>    (in) : genmove B
[2025-07-22 15:53:57.192] <wuwei 策略版>   (out) : = K12
[2025-07-22 15:53:57.193] <wuwei 策略版>   (out) : 
[2025-07-22 15:53:57.213] <wuwei 策略版>   (err) : 1 0
[2025-07-22 15:55:32.311] <wuwei 策略版>    (in) : play W D14
[2025-07-22 15:55:32.338] <wuwei 策略版>   (out) : = ok
[2025-07-22 15:55:32.339] <wuwei 策略版>   (out) : 
[2025-07-22 15:55:32.350] <wuwei 策略版>    (in) : genmove B
[2025-07-22 15:55:32.373] <wuwei 策略版>   (out) : = D12
[2025-07-22 15:55:32.373] <wuwei 策略版>   (out) : 
[2025-07-22 15:55:32.412] <wuwei 策略版>   (err) : 1 0
[2025-07-22 15:55:33.951] <wuwei 策略版>    (in) : play W D10
[2025-07-22 15:55:33.989] <wuwei 策略版>   (out) : = ok
[2025-07-22 15:55:33.989] <wuwei 策略版>   (out) : 
[2025-07-22 15:55:34.000] <wuwei 策略版>    (in) : genmove B
[2025-07-22 15:55:34.020] <wuwei 策略版>   (out) : = C13
[2025-07-22 15:55:34.020] <wuwei 策略版>   (out) : 
[2025-07-22 15:55:34.045] <wuwei 策略版>   (err) : 1 0
