[2025-07-22 15:52:34.470] <wuwei MCTS版>    (in) : name
[2025-07-22 15:52:34.473] <wuwei MCTS版>    (in) : version
[2025-07-22 15:52:34.474] <wuwei MCTS版>    (in) : protocol_version
[2025-07-22 15:52:34.474] <wuwei MCTS版>    (in) : list_commands
[2025-07-22 15:52:34.475] <wuwei MCTS版>  (meta) : Engine Started
[2025-07-22 15:52:34.505] <wuwei MCTS版>  (meta) : Connection Failed
[2025-07-22 15:52:34.505] <wuwei MCTS版>  (meta) : Connection Failed
[2025-07-22 15:52:34.506] <wuwei MCTS版>  (meta) : Connection Failed
[2025-07-22 15:52:34.506] <wuwei MCTS版>  (meta) : Connection Failed
[2025-07-22 15:52:43.754] <wuwei 策略版>    (in) : name
[2025-07-22 15:52:43.755] <wuwei 策略版>    (in) : version
[2025-07-22 15:52:43.756] <wuwei 策略版>    (in) : protocol_version
[2025-07-22 15:52:43.756] <wuwei 策略版>    (in) : list_commands
[2025-07-22 15:52:43.756] <wuwei 策略版>  (meta) : Engine Started
[2025-07-22 15:52:44.120] <wuwei 策略版>   (err) : 启动wuwei (策略网络模式)...
[2025-07-22 15:52:44.169] <wuwei 策略版>   (err) : Traceback (most recent call last):
[2025-07-22 15:52:44.169] <wuwei 策略版>   (err) :   File "/home/zxz/wuwei/main.py", line 55, in <module>
[2025-07-22 15:52:44.170] <wuwei 策略版>   (err) :     main() 
[2025-07-22 15:52:44.170] <wuwei 策略版>   (err) :   File "/home/zxz/wuwei/main.py", line 30, in main
[2025-07-22 15:52:44.170] <wuwei 策略版>   (err) :     from src.interface.gtp import main as gtp_main
[2025-07-22 15:52:44.170] <wuwei 策略版>   (err) :   File "/home/zxz/wuwei/src/interface/gtp.py", line 25
[2025-07-22 15:52:44.170] <wuwei 策略版>   (err) :     print('= 
[2025-07-22 15:52:44.170] <wuwei 策略版>   (err) :           ^
[2025-07-22 15:52:44.170] <wuwei 策略版>   (err) : SyntaxError: unterminated string literal (detected at line 25)
[2025-07-22 15:52:44.182] <wuwei 策略版>  (meta) : Engine Stopped
[2025-07-22 15:52:44.182] <wuwei 策略版>  (meta) : Connection Failed
[2025-07-22 15:52:44.183] <wuwei 策略版>  (meta) : Connection Failed
[2025-07-22 15:52:44.183] <wuwei 策略版>  (meta) : Connection Failed
[2025-07-22 15:52:44.183] <wuwei 策略版>  (meta) : Connection Failed
